no,0.00023773408611305058,no
no,0.0012541291071102023,no
yes,0.6108831167221069,yes
no,0.00014835502952337265,no
no,0.06034846231341362,no
no,9.629303531255573e-05,no
yes,0.8747473955154419,yes
no,0.001186912995763123,no
no,0.0075835115276277065,no
no,9.543474880047143e-05,no
no,0.009421722032129765,no
no,0.007606474682688713,no
no,0.005000241566449404,no
no,6.52022790745832e-05,no
no,0.00010749501961981878,no
no,1.60767522174865e-05,no
no,0.0796036422252655,no
no,0.0012716794153675437,no
yes,0.11244474351406097,no
no,0.4283517599105835,no
no,1.750384399201721e-05,no
no,0.323719322681427,no
no,0.0009721581009216607,no
no,0.6705694198608398,yes
no,0.17043088376522064,no
no,0.4440764784812927,no
no,0.000828671152703464,no
no,0.00042633057455532253,no
no,0.710294246673584,yes
no,7.508184353355318e-05,no
no,0.09184690564870834,no
no,0.0028489164542406797,no
no,0.001348778372630477,no
yes,0.05836760625243187,no
no,0.00034984457306563854,no
no,0.0008366720285266638,no
no,0.29543811082839966,no
no,0.004456781782209873,no
no,2.809058059938252e-05,no
no,9.442208829568699e-05,no
no,0.6712886095046997,yes
yes,0.6355452537536621,yes
yes,0.8573241233825684,yes
no,0.008143994957208633,no
no,9.171237252303399e-06,no
no,0.6190127730369568,yes
no,0.6570731997489929,yes
no,0.011679599061608315,no
yes,0.793562114238739,yes
no,0.0002714049769565463,no
no,0.00044268599594943225,no
no,0.006134064868092537,no
no,0.0016765528125688434,no
no,7.061179348966107e-05,no
no,0.0011630367953330278,no
no,0.00395532650873065,no
no,0.00011195309343747795,no
no,0.0043295095674693584,no
no,0.003907415084540844,no
no,0.7487215399742126,yes
no,8.244840137194842e-05,no
yes,0.9627328515052795,yes
no,3.893946632160805e-05,no
no,0.00026121397968381643,no
no,4.437334791873582e-05,no
yes,0.633577287197113,yes
no,7.129422010621056e-05,no
no,0.00035836437018588185,no
no,0.3529473543167114,no
no,5.985264579067007e-05,no
no,4.736657865578309e-05,no
no,0.0016112790908664465,no
no,0.9883671402931213,yes
no,5.1258382882224396e-05,no
no,0.000185175595106557,no
no,0.0069525535218417645,no
no,0.000715393282007426,no
no,0.001391970319673419,no
no,6.257549102883786e-05,no
no,0.0046240962110459805,no
no,0.14349254965782166,no
no,0.0007689478225074708,no
no,6.870801007607952e-05,no
yes,0.60740727186203,yes
no,0.009202641434967518,no
no,3.327684316900559e-05,no
no,2.082383980450686e-05,no
no,0.9779452681541443,yes
no,0.3045724928379059,no
no,0.04287675768136978,no
no,0.0001861410855781287,no
no,0.005611206870526075,no
no,0.05883513391017914,no
no,6.457170093199238e-05,no
no,0.00028242828557267785,no
no,0.00023812201106920838,no
no,5.0451177230570465e-05,no
no,0.00014960512635298073,no
no,0.0033423127606511116,no
no,0.0020416772458702326,no
yes,0.9408817291259766,yes
no,0.00012738426448777318,no
no,0.1917847841978073,no
no,0.5173887610435486,yes
no,0.015784701332449913,no
no,0.0020225122570991516,no
no,0.001032377127557993,no
no,3.336915688123554e-05,no
no,0.00815825816243887,no
no,4.896576137980446e-05,no
no,3.5626202588900924e-05,no
no,0.41422760486602783,no
no,7.702929724473506e-05,no
yes,0.6668614149093628,yes
no,0.016205722466111183,no
no,1.4981152162363287e-05,no
no,0.16587848961353302,no
no,2.605348163342569e-05,no
yes,0.000697824580129236,no
no,0.00041320774471387267,no
no,0.0007898023468442261,no
no,0.004092562478035688,no
no,9.619914635550231e-05,no
no,0.0007600181270390749,no
no,0.6050624847412109,yes
no,0.027601735666394234,no
no,0.609811007976532,yes
yes,0.6188027262687683,yes
no,0.0019766995683312416,no
no,0.00014893487968947738,no
yes,0.9399999976158142,yes
no,0.009089206345379353,no
no,5.407473145169206e-05,no
no,9.825902816373855e-05,no
no,0.002065318636596203,no
no,0.00031064602080732584,no
no,0.09571069478988647,no
no,0.004160775803029537,no
no,0.0003458649734966457,no
no,0.00015767272270750254,no
no,0.000376322801457718,no
no,6.172978464746848e-05,no
no,0.00044508324936032295,no
no,0.04000944644212723,no
no,0.8622127175331116,yes
no,0.0037979488261044025,no
no,0.0020841495133936405,no
yes,0.9908121228218079,yes
no,4.190174877294339e-05,no
no,0.5861693620681763,yes
no,3.5714001569431275e-05,no
no,0.0006649654824286699,no
yes,0.6333256363868713,yes
no,0.1946558952331543,no
no,0.004065395332872868,no
no,0.009865955449640751,no
no,0.9127992987632751,yes
no,3.0201004847185686e-05,no
no,0.000501930364407599,no
no,0.000269395939540118,no
no,0.0005435020430013537,no
yes,0.9763994812965393,yes
no,7.957202615216374e-05,no
no,0.004338969476521015,no
no,0.0002283078501932323,no
no,0.6400469541549683,yes
no,0.0004191755142528564,no
no,0.1939694732427597,no
no,0.0019513329025357962,no
no,0.028673730790615082,no
no,0.6560409665107727,yes
no,0.6522200107574463,yes
no,2.4622953787911683e-05,no
no,0.03890826553106308,no
no,0.0006390890921466053,no
no,0.11287526786327362,no
no,2.3137423340813257e-05,no
no,1.186503595818067e-05,no
no,2.5514415028737858e-05,no
no,0.003809514455497265,no
no,0.0005126044852659106,no
no,0.0022454282734543085,no
no,0.8980700373649597,yes
no,0.0008491391781717539,no
no,0.002877607708796859,no
no,0.0014825403923168778,no
no,0.0004540410009212792,no
no,0.08272970467805862,no
no,0.00022376087144948542,no
no,0.003005700185894966,no
no,0.035569220781326294,no
no,0.025951100513339043,no
no,0.0661761686205864,no
no,0.000607674999628216,no
no,1.6367164789699018e-05,no
no,0.00040975783485919237,no
no,0.000508141762111336,no
yes,0.7761451601982117,yes
no,0.8616689443588257,yes
no,0.608631432056427,yes
no,0.04981278255581856,no
yes,0.5185492038726807,yes
no,0.0002838116488419473,no
no,0.02444312907755375,no
yes,0.012702778913080692,no
no,0.1452646553516388,no
no,0.0011552568757906556,no
no,1.1195769729965832e-05,no
no,0.024764517322182655,no
no,0.00013279351696837693,no
no,0.015818985179066658,no
no,0.0013824602356180549,no
no,0.00010453301365487278,no
yes,0.30121010541915894,no
no,0.00017809885321184993,no
no,0.8682022094726562,yes
no,0.10160940140485764,no
no,0.002012125216424465,no
no,0.00012927693023812026,no
no,6.606386159546673e-05,no
no,0.021364515647292137,no
no,0.001729397103190422,no
no,0.8496396541595459,yes
no,0.00033990349038504064,no
no,0.0615793913602829,no
no,0.003007604042068124,no
no,9.132367267739028e-05,no
no,0.0001331084204139188,no
no,0.01481630653142929,no
no,0.000582324166316539,no
no,0.00013103292440064251,no
yes,0.9529318809509277,yes
no,0.0013455291045829654,no
no,0.6500994563102722,yes
no,0.016513703390955925,no
no,4.7864650696283206e-05,no
no,0.001267610234208405,no
yes,0.7373557686805725,yes
no,0.01396193914115429,no
no,0.0010079944040626287,no
no,0.15884284675121307,no
no,7.980463124113157e-05,no
yes,0.8140324950218201,yes
no,0.12874631583690643,no
no,0.00026807383983395994,no
no,0.00040038107545115054,no
no,0.0460909903049469,no
no,0.0021397063974291086,no
no,6.179710908327252e-05,no
no,0.00024080995353870094,no
no,0.0008946257876232266,no
no,2.1189594917814247e-05,no
no,0.0008571130456402898,no
no,0.000996723072603345,no
no,6.21343424427323e-05,no
no,0.0007801458705216646,no
no,0.4581853151321411,no
no,0.12760989367961884,no
no,0.002163889352232218,no
no,2.93227221845882e-05,no
no,0.013379020616412163,no
no,0.0007589145097881556,no
no,0.6639926433563232,yes
no,2.8072130589862354e-05,no
no,0.00010669845505617559,no
no,0.0003496202116366476,no
no,0.0002586943737696856,no
no,0.13558021187782288,no
no,0.0005669643287546933,no
yes,0.8817989230155945,yes
no,0.08175425231456757,no
no,0.28729376196861267,no
yes,0.7750328779220581,yes
yes,0.6433531045913696,yes
no,0.011326284147799015,no
no,0.8886386752128601,yes
no,2.1344871129258536e-05,no
no,0.0002326937101315707,no
no,0.0004641937848646194,no
no,0.0003811756323557347,no
no,0.00045042013516649604,no
no,0.004253847990185022,no
yes,0.25335586071014404,no
no,0.002948399167507887,no
no,8.271792466985062e-06,no
no,0.0030758201610296965,no
no,0.001988306874409318,no
no,0.00031299932743422687,no
no,0.00018686967086978257,no
no,8.938598330132663e-05,no
yes,0.39357608556747437,no
no,3.547702726791613e-05,no
no,0.38575994968414307,no
no,0.0054885768331587315,no
no,0.4397883415222168,no
no,0.0003327936283312738,no
no,0.0001623902644496411,no
no,0.0006356778321787715,no
no,0.0018971702083945274,no
no,0.0019152654567733407,no
no,0.00014826084952801466,no
no,0.003001322504132986,no
no,0.0008731812704354525,no
no,0.0002746070094872266,no
no,0.00033348187571391463,no
no,0.4405963718891144,no
yes,0.6202669739723206,yes
yes,0.7407755255699158,yes
no,1.2635738130484242e-05,no
no,0.025112619623541832,no
no,0.5169090628623962,yes
no,0.8200088143348694,yes
no,6.35792821412906e-05,no
yes,0.8952285051345825,yes
no,0.5368814468383789,yes
no,6.084204505896196e-05,no
no,0.00033411738695576787,no
no,0.0001748053327901289,no
no,0.006962328217923641,no
no,3.1353523809229955e-05,no
no,0.0029233621899038553,no
no,4.7839646867942065e-05,no
no,0.00019148005230817944,no
yes,0.3134182393550873,no
no,0.4796903431415558,no
no,6.861210749775637e-06,no
no,0.0008196790004149079,no
no,0.0012013362720608711,no
no,0.000641185324639082,no
no,0.9117640852928162,yes
no,0.00014209028449840844,no
no,0.0013242983259260654,no
no,0.23817405104637146,no
yes,0.4889572858810425,no
no,2.2500704289996065e-05,no
no,0.00106690579559654,no
no,1.6208141460083425e-05,no
no,0.9946140646934509,yes
no,0.006254745181649923,no
no,0.44762399792671204,no
no,0.0010485012317076325,no
no,0.005303509533405304,no
no,0.1583538055419922,no
no,0.0056717549450695515,no
yes,0.5569901466369629,yes
no,0.0015178676694631577,no
yes,0.7145678997039795,yes
no,0.4489922821521759,no
no,0.029007170349359512,no
no,0.041151609271764755,no
no,0.0011051485780626535,no
no,1.5841340427869e-05,no
no,0.00010825283243320882,no
no,0.0034176281187683344,no
yes,0.8356897830963135,yes
yes,0.7611445784568787,yes
no,0.0014819058123975992,no
no,0.00029043015092611313,no
no,0.0004980615922249854,no
no,6.199241761351004e-05,no
no,0.5355396270751953,yes
no,0.6023460030555725,yes
no,1.6956711988314055e-05,no
no,0.0005420614616014063,no
no,0.06515759974718094,no
no,0.922714114189148,yes
no,4.4838921894552186e-05,no
no,0.0039022720884531736,no
no,2.216017310274765e-05,no
yes,0.9283627867698669,yes
no,0.0003425833419896662,no
no,0.00042109593050554395,no
no,0.002791787963360548,no
no,0.006243486423045397,no
no,0.8178143501281738,yes
no,0.012085039168596268,no
no,0.0001408092211931944,no
yes,0.7768163084983826,yes
no,0.030752424150705338,no
no,0.0036855305079370737,no
no,0.00011963153519900516,no
no,0.007036016788333654,no
yes,0.9106511473655701,yes
no,0.9192511439323425,yes
yes,0.9383431077003479,yes
no,0.003374089254066348,no
no,0.0034900084137916565,no
yes,0.11666643619537354,no
no,0.0002555364917498082,no
no,0.37262219190597534,no
no,5.2863077144138515e-05,no
no,0.0007256644894368947,no
no,8.50067226565443e-06,no
no,0.00014209449000190943,no
no,1.0958765415125526e-05,no
no,0.0002863611443899572,no
no,0.707085132598877,yes
no,0.0009517418802715838,no
no,0.002545101335272193,no
no,8.59933570609428e-05,no
yes,0.9826813340187073,yes
no,0.0011218051658943295,no
no,0.48203176259994507,no
no,0.009996586479246616,no
no,8.197386341635138e-05,no
no,0.007251201197504997,no
yes,0.16457413136959076,no
no,0.009002956561744213,no
no,0.003957170061767101,no
no,3.375743472133763e-05,no
no,9.241029329132289e-05,no
no,0.017827779054641724,no
no,0.000495554122608155,no
no,0.3439791202545166,no
no,0.7605462074279785,yes
